<?xml version="1.0" encoding="UTF-8"?>
<!-- Generated by org.testng.reporters.JUnitReportReporter -->
<testsuite hostname="DELL15" failures="0" tests="1" name="com.wightwatchers.test.questions1and3.WeightWatchersQuestion3" time="0.098" errors="0" timestamp="2020-11-08T21:48:49 EST" skipped="0">
  <testcase classname="com.wightwatchers.test.questions1and3.WeightWatchersQuestion3" name="randomNumbers" time="0.098"/>
  <system-out/>
</testsuite> <!-- com.wightwatchers.test.questions1and3.WeightWatchersQuestion3 -->
