<?xml version="1.0" encoding="UTF-8"?>
<!-- Generated by org.testng.reporters.JUnitReportReporter -->
<testsuite hostname="DELL15" failures="0" tests="1" name="com.test.questions1and3.WeightWatchersQuestion3" time="0.171" errors="0" timestamp="2020-11-08T20:04:29 EST" skipped="0">
  <testcase classname="com.test.questions1and3.WeightWatchersQuestion3" name="randomNumbers" time="0.171"/>
  <system-out/>
</testsuite> <!-- com.test.questions1and3.WeightWatchersQuestion3 -->
