<?xml version="1.0" encoding="UTF-8"?>
<!-- Generated by org.testng.reporters.JUnitReportReporter -->
<testsuite hostname="DELL15" failures="0" tests="1" name="com.weightwatchers.test.testRunner.TestRunner" time="57.498" errors="0" timestamp="2020-11-08T21:57:37 EST" skipped="0">
  <testcase classname="com.weightwatchers.test.testRunner.TestRunner" name="feature" time="57.498"/>
  <system-out/>
</testsuite> <!-- com.weightwatchers.test.testRunner.TestRunner -->
