<?xml version="1.0" encoding="UTF-8"?>
<!-- Generated by org.testng.reporters.JUnitReportReporter -->
<testsuite hostname="DELL15" failures="0" tests="1" name="com.test.questions1and3.WeightWatchersQuestion1" time="0.022" errors="0" timestamp="2020-11-08T20:06:35 EST" skipped="0">
  <testcase classname="com.test.questions1and3.WeightWatchersQuestion1" name="disctionaryTest" time="0.022"/>
  <system-out/>
</testsuite> <!-- com.test.questions1and3.WeightWatchersQuestion1 -->
