<?xml version="1.0" encoding="UTF-8"?>
<!-- Generated by org.testng.reporters.JUnitReportReporter -->
<testsuite hostname="DELL15" failures="0" tests="1" name="com.test.testRunner.TestRunner" time="26.462" errors="0" timestamp="2020-11-08T20:32:30 EST" skipped="0">
  <testcase classname="com.test.testRunner.TestRunner" name="feature" time="26.462"/>
  <system-out/>
</testsuite> <!-- com.test.testRunner.TestRunner -->
