<?xml version="1.0" encoding="UTF-8"?>
<!-- Generated by org.testng.reporters.JUnitReportReporter -->
<testsuite hostname="DELL15" failures="0" tests="1" name="com.test.testRunner.TestRunner" time="40.197" errors="0" timestamp="2020-10-10T16:47:54 EDT" skipped="0">
  <testcase classname="com.test.testRunner.TestRunner" name="feature" time="40.197"/>
  <system-out/>
</testsuite> <!-- com.test.testRunner.TestRunner -->
